2019-11-14 15:40:50org.mybatis.generator.logging.Log4jImpl.debug(Log4jImpl.java:46) Log4jImpl.java DEBUG Retrieving column information for table "easybuy_user"
2019-11-14 15:40:50org.mybatis.generator.logging.Log4jImpl.debug(Log4jImpl.java:46) Log4jImpl.java DEBUG Found column "id", data type 4, in table "easybuy_user"
2019-11-14 15:40:50org.mybatis.generator.logging.Log4jImpl.debug(Log4jImpl.java:46) Log4jImpl.java DEBUG Found column "loginName", data type 12, in table "easybuy_user"
2019-11-14 15:40:50org.mybatis.generator.logging.Log4jImpl.debug(Log4jImpl.java:46) Log4jImpl.java DEBUG Found column "userName", data type 12, in table "easybuy_user"
2019-11-14 15:40:50org.mybatis.generator.logging.Log4jImpl.debug(Log4jImpl.java:46) Log4jImpl.java DEBUG Found column "password", data type 12, in table "easybuy_user"
2019-11-14 15:40:50org.mybatis.generator.logging.Log4jImpl.debug(Log4jImpl.java:46) Log4jImpl.java DEBUG Found column "sex", data type 4, in table "easybuy_user"
2019-11-14 15:40:50org.mybatis.generator.logging.Log4jImpl.debug(Log4jImpl.java:46) Log4jImpl.java DEBUG Found column "identityCode", data type 12, in table "easybuy_user"
2019-11-14 15:40:50org.mybatis.generator.logging.Log4jImpl.debug(Log4jImpl.java:46) Log4jImpl.java DEBUG Found column "email", data type 12, in table "easybuy_user"
2019-11-14 15:40:50org.mybatis.generator.logging.Log4jImpl.debug(Log4jImpl.java:46) Log4jImpl.java DEBUG Found column "mobile", data type 12, in table "easybuy_user"
2019-11-14 15:40:50org.mybatis.generator.logging.Log4jImpl.debug(Log4jImpl.java:46) Log4jImpl.java DEBUG Found column "type", data type 4, in table "easybuy_user"
2019-11-14 15:42:29org.mybatis.generator.logging.Log4jImpl.debug(Log4jImpl.java:46) Log4jImpl.java DEBUG Retrieving column information for table "easybuy_user"
2019-11-14 15:42:29org.mybatis.generator.logging.Log4jImpl.debug(Log4jImpl.java:46) Log4jImpl.java DEBUG Found column "id", data type 4, in table "easybuy_user"
2019-11-14 15:42:29org.mybatis.generator.logging.Log4jImpl.debug(Log4jImpl.java:46) Log4jImpl.java DEBUG Found column "loginName", data type 12, in table "easybuy_user"
2019-11-14 15:42:29org.mybatis.generator.logging.Log4jImpl.debug(Log4jImpl.java:46) Log4jImpl.java DEBUG Found column "userName", data type 12, in table "easybuy_user"
2019-11-14 15:42:29org.mybatis.generator.logging.Log4jImpl.debug(Log4jImpl.java:46) Log4jImpl.java DEBUG Found column "password", data type 12, in table "easybuy_user"
2019-11-14 15:42:29org.mybatis.generator.logging.Log4jImpl.debug(Log4jImpl.java:46) Log4jImpl.java DEBUG Found column "sex", data type 4, in table "easybuy_user"
2019-11-14 15:42:29org.mybatis.generator.logging.Log4jImpl.debug(Log4jImpl.java:46) Log4jImpl.java DEBUG Found column "identityCode", data type 12, in table "easybuy_user"
2019-11-14 15:42:29org.mybatis.generator.logging.Log4jImpl.debug(Log4jImpl.java:46) Log4jImpl.java DEBUG Found column "email", data type 12, in table "easybuy_user"
2019-11-14 15:42:29org.mybatis.generator.logging.Log4jImpl.debug(Log4jImpl.java:46) Log4jImpl.java DEBUG Found column "mobile", data type 12, in table "easybuy_user"
2019-11-14 15:42:29org.mybatis.generator.logging.Log4jImpl.debug(Log4jImpl.java:46) Log4jImpl.java DEBUG Found column "type", data type 4, in table "easybuy_user"
2019-11-14 15:42:29org.mybatis.generator.logging.Log4jImpl.debug(Log4jImpl.java:46) Log4jImpl.java DEBUG Retrieving column information for table "easybuy_product"
2019-11-14 15:42:29org.mybatis.generator.logging.Log4jImpl.debug(Log4jImpl.java:46) Log4jImpl.java DEBUG Found column "id", data type 4, in table "easybuy_product"
2019-11-14 15:42:29org.mybatis.generator.logging.Log4jImpl.debug(Log4jImpl.java:46) Log4jImpl.java DEBUG Found column "name", data type 12, in table "easybuy_product"
2019-11-14 15:42:29org.mybatis.generator.logging.Log4jImpl.debug(Log4jImpl.java:46) Log4jImpl.java DEBUG Found column "description", data type 12, in table "easybuy_product"
2019-11-14 15:42:29org.mybatis.generator.logging.Log4jImpl.debug(Log4jImpl.java:46) Log4jImpl.java DEBUG Found column "price", data type 7, in table "easybuy_product"
2019-11-14 15:42:29org.mybatis.generator.logging.Log4jImpl.debug(Log4jImpl.java:46) Log4jImpl.java DEBUG Found column "stock", data type 4, in table "easybuy_product"
2019-11-14 15:42:29org.mybatis.generator.logging.Log4jImpl.debug(Log4jImpl.java:46) Log4jImpl.java DEBUG Found column "categoryLevel1Id", data type 4, in table "easybuy_product"
2019-11-14 15:42:29org.mybatis.generator.logging.Log4jImpl.debug(Log4jImpl.java:46) Log4jImpl.java DEBUG Found column "categoryLevel2Id", data type 4, in table "easybuy_product"
2019-11-14 15:42:29org.mybatis.generator.logging.Log4jImpl.debug(Log4jImpl.java:46) Log4jImpl.java DEBUG Found column "categoryLevel3Id", data type 4, in table "easybuy_product"
2019-11-14 15:42:29org.mybatis.generator.logging.Log4jImpl.debug(Log4jImpl.java:46) Log4jImpl.java DEBUG Found column "fileName", data type 12, in table "easybuy_product"
2019-11-14 15:42:29org.mybatis.generator.logging.Log4jImpl.debug(Log4jImpl.java:46) Log4jImpl.java DEBUG Found column "isDelete", data type 4, in table "easybuy_product"
2019-11-14 15:42:29org.mybatis.generator.logging.Log4jImpl.debug(Log4jImpl.java:46) Log4jImpl.java DEBUG Retrieving column information for table "easybuy_user_address"
2019-11-14 15:42:29org.mybatis.generator.logging.Log4jImpl.debug(Log4jImpl.java:46) Log4jImpl.java DEBUG Found column "id", data type 4, in table "easybuy_user_address"
2019-11-14 15:42:29org.mybatis.generator.logging.Log4jImpl.debug(Log4jImpl.java:46) Log4jImpl.java DEBUG Found column "userId", data type 4, in table "easybuy_user_address"
2019-11-14 15:42:29org.mybatis.generator.logging.Log4jImpl.debug(Log4jImpl.java:46) Log4jImpl.java DEBUG Found column "address", data type 12, in table "easybuy_user_address"
2019-11-14 15:42:29org.mybatis.generator.logging.Log4jImpl.debug(Log4jImpl.java:46) Log4jImpl.java DEBUG Found column "createTime", data type 93, in table "easybuy_user_address"
2019-11-14 15:42:29org.mybatis.generator.logging.Log4jImpl.debug(Log4jImpl.java:46) Log4jImpl.java DEBUG Found column "isDefault", data type 4, in table "easybuy_user_address"
2019-11-14 15:42:29org.mybatis.generator.logging.Log4jImpl.debug(Log4jImpl.java:46) Log4jImpl.java DEBUG Found column "remark", data type 12, in table "easybuy_user_address"
